EXCEPTION_ACCESS_VIOLATION (0xc0000005) at pc=0x00007ffacaccf509, pid=13380, tid=13996
#
# JRE version: OpenJDK Runtime Environment Temurin-21.0.1+12 (21.0.1+12) (build 21.0.1+12-LTS)
# Java VM: OpenJDK 64-Bit Server VM Temurin-21.0.1+12 (21.0.1+12-LTS, mixed mode, sharing, tiered, compressed oops, compressed class ptrs, g1 gc, windows-amd64)
# Problematic frame:
# srcscan starts
INFO: analyzing module comparator (VERI-9002)
INFO: analyzing module duplicator (VERI-9002)
C:/Saved Documents/Coincide/Coincide.srcs/sources_1/new/duplicator .v(17): INFO: undeclared symbol 'sync_out', assumed default net type 'wire' (VERI-2561)
C:/Saved Documents/Coincide/Coincide.srcs/sources_1/new/duplicator .v(22): WARNING: 'sync_out' is already implicitly declared on line 17 (VERI-1362)
INFO: analyzing module edge_detector (VERI-9002)
INFO: analyzing module pipeline (VERI-9002)
C:/Saved Documents/Coincide/Coincide.srcs/sources_1/new/pipeline.v(16): WARNING: illegal elaboration system task error (VERI-1756)
INFO: analyzing module reset_conditioner (VERI-9002)
INFO: analyzing module timer (VERI-9002)
INFO: analyzing module au_top (VERI-9002)
C:/Users/stiwari/AppData/Local/Temp/VivadoEditorAssist7406467595037153292.tmp(30): INFO: undeclared symbol 'length', assumed default net type 'wire' (VERI-2561)
C:/Users/stiwari/AppData/Local/Temp/VivadoEditorAssist7406467595037153292.tmp(48): INFO: undeclared symbol 'value', assumed default net type 'wire' (VERI-2561)
C:/Users/stiwari/AppData/Local/Temp/VivadoEditorAssist7406467595037153292.tmp(51): WARNING: syntax error near ')' (VERI-1137)
C:/Users/stiwari/AppData/Local/Temp/VivadoEditorAssist7406467595037153292.tmp(51): WARNING: empty statement in always construct (VERI-1988)
C:/Users/stiwari/AppData/Local/Temp/VivadoEditorAssist7406467595037153292.tmp(51): WARNING: potential always loop found (VERI-1931)
C:/Users/stiwari/AppData/Local/Temp/VivadoEditorAssist7406467595037153292.tmp(52): ERROR: 'dupl_pulse' is not a type (VERI-1281)
INFO: analyzing module edge_detector_tb (VERI-9002)
srcscan exits with return value 0
